PCROSSREF.ASM......PAGE 0001

LINE# LOC   CODE        LINE































































CROSSREF64......PAGE 0002

LINE# LOC   CODE        LINE


00003  0000              ;*********************************
00004  0000              *=$1001                ;START OF BASIC
00005  1001              ;*********************************
00006  1001              ; SET BSTUB TO ONE TO ALLOW FOR
00007  1001              ; INSERTION OF BASIC STUB CODE
00008  1001              ;*********************************
00009  1001              BSTUB  = 1
00010  1001              ;*********************************
00011  1001              ;
00012  1001              ;         CROSSREF64
00013  1001              ;      CROSSREF.C64 V072882
00014  1001              ; DUMP CROSSREF FROM ASSEMBLER64
00015  1001              ; (C) 1982 BY COMMODORE MACHINES
00016  1001              ;
00017  1001              ;  DOCUMENTED BY DENTON MARLOWE
00018  1001              ;
00019  1001              ;********************************
00020  1001              ;
00021  1001              ; BASIC FORMAT PROGRAM
00022  1001              ;
00023  1001              ; 10 SYS(4111)
00024  1001              ;
00025  1001              ;********************************
00027  1001              ;.IF  BSTUB == 1
00028  1001  0D 10              .WORD BASIC     ;LINE LINK POINTER
00029  1003  0A                 .BYTE $0A,$00   ;LINE NUMBER (10)
00029  1004  00 
00030  1005  9E                 .BYTE 158       ;SYS COMMAND TOKEN
00031  1006  28 34              .BYTE '(4111)'  ;CALL TO $080F
00032  100C  00                 .BYTE $00       ;END OF LINE
00033  100D  00          BASIC  .BYTE $00,$00   ;END OF BASIC
00033  100E  00 
00035  100F              ;.FI
00036  100F              ;*********************************
00037  100F              ;*=$100F        ;OBJ2PRG ORGIN
00038  100F              ;*********************************
00039  100F              ; MAIN BODY OF CODE
00040  100F              ;*********************************
00041  100F              .FIL   CROSSREF.ASM
00042  100F              ;*********************************
00043  100F              ;
00044  100F              ;         CROSSREF64
00045  100F              ;      CROSSREF.C64 V072882
00046  100F              ; DUMP CROSSREF FROM ASSEMBLER64
00047  100F              ; (C) 1982 BY COMMODORE MACHINES
00048  100F              ;
00049  100F              ;  DOCUMENTED BY DENTON MARLOWE
00050  100F              ;
00051  100F              ;********************************
00052  100F              ; PAGE $0000 EQUATES
00053  100F              ; $00D8-00E8 APPLICATION SOFTWARE
00054  100F              ;********************************
00055  100F              ADRAY1=$0003
00056  100F              ADRAY2=$0005
00057  100F              CHARAC=$0007






CROSSREF64......PAGE 0003

LINE# LOC   CODE        LINE


00058  100F              ENDCHR=$0008
00059  100F              TRMPOS=$0009
00060  100F              VERCK  =$000A
00061  100F              COUNT  =$000B
00062  100F              DIMFLG=$000C
00063  100F              VALTYP=$000D
00064  100F              INTFLG=$000E
00065  100F              GARBFL=$000F
00066  100F              SUBFLG=$0010
00067  100F              INPFLG=$0011
00068  100F              TANSGN=$0012
00069  100F              CHANNL=$0013
00070  100F              LINNUM=$0014
00071  100F              TEMPPT=$0016
00072  100F              LASTPT=$0017
00073  100F              TEMPST=$0019
00074  100F              ;********************************
00075  100F              ; POINTERS
00076  100F              ;********************************
00077  100F              XRLPNT = $04
00078  100F              XRFPNT = $06
00079  100F              ;********************************
00080  100F              ; EXTERNAL ADDRESS EQUATES
00081  100F              ;********************************
00082  100F              SCREG=$D011
00083  100F              ;********************************
00084  100F              ; EXTERNAL ADDRESS EQUATES
00085  100F              ;********************************
00086  100F              BASSFT=$E386           ;RETURN TO BASIC
00087  100F              PRTCHR=$FFD2           ;$E716 ;PRINT CHAR TO SCRE
EN
00088  100F              ;********************************
00089  100F              ; EXTERNAL ADDRESS EQUATES
00090  100F              ;********************************
00091  100F              SETLFS=$FFBA
00092  100F              SETNAM=$FFBD
00093  100F              OPEN=$FFC0
00094  100F              CLOSE=$FFC3
00095  100F              CHKIN=$FFC6
00096  100F              CHKOUT=$FFC9
00097  100F              CLRCHN=$FFCC
00098  100F              CHRIN=$FFCF
00099  100F              CHROUT=$FFD2
00100  100F              ;*********************************
00101  100F              ;
00102  100F              ; CROSSREF64 ENTRY POINT
00103  100F              ;
00104  100F              ;*********************************
00105  100F  20 92 15    XXREF  JSR SAVZPG
00106  1012  4C 89 10           JMP XX0889
00107  1015              ;********************************
00108  1015              ; ZERO PAGE STORAGE
00109  1015              ;********************************
00110  1015  AA          ZPGSTR .BYTE $AA,$AA,$AA,$AA,$AA,$AA
00110  1016  AA 
00110  1017  AA 






CROSSREF64......PAGE 0004

LINE# LOC   CODE        LINE


00110  1018  AA 
00110  1019  AA 
00110  101A  AA 
00111  101B  AA                 .BYTE $AA,$AA,$AA,$AA,$AA,$AA
00111  101C  AA 
00111  101D  AA 
00111  101E  AA 
00111  101F  AA 
00111  1020  AA 
00112  1021  AA                 .BYTE $AA,$AA,$AA,$AA,$AA,$AA
00112  1022  AA 
00112  1023  AA 
00112  1024  AA 
00112  1025  AA 
00112  1026  AA 
00113  1027  AA                 .BYTE $AA,$AA,$AA,$AA,$AA,$AA
00113  1028  AA 
00113  1029  AA 
00113  102A  AA 
00113  102B  AA 
00113  102C  AA 
00114  102D              ;********************************
00115  102D              ; 
00116  102D              ;********************************
00117  102D  AA          DEVIN  .BYTE $AA       ;XX082D INPUT DEVICE
00118  102E  AA          XX082E .BYTE $AA
00119  102F  AA          XX082F .BYTE $AA
00120  1030  AA          PRTFLG .BYTE $AA       ;XX0830 HARDCOPY FLAG
00121  1031  AA          XX0831 .BYTE $AA
00122  1032  AA          XX0832 .BYTE $AA
00123  1033              ;********************************
00124  1033              ;
00125  1033              ;********************************
00126  1033  AA          XX0833 .BYTE $AA
00127  1034  AA          XX0834 .BYTE $AA
00128  1035  AA                 .BYTE $AA,$AA,$AA,$AA
00128  1036  AA 
00128  1037  AA 
00128  1038  AA 
00129  1039  AA                 .BYTE $AA,$AA,$AA,$AA
00129  103A  AA 
00129  103B  AA 
00129  103C  AA 
00130  103D  AA                 .BYTE $AA,$AA,$AA,$AA
00130  103E  AA 
00130  103F  AA 
00130  1040  AA 
00131  1041              ;********************************
00132  1041              ;
00133  1041              ;********************************
00134  1041  AA          XX0841 .BYTE $AA
00135  1042  AA                 .BYTE $AA,$AA
00135  1043  AA 
00136  1044              ;********************************
00137  1044              ; CROSSREF FILENAME BUFFER






CROSSREF64......PAGE 0005

LINE# LOC   CODE        LINE


00138  1044              ;********************************
00139  1044  AA          XRFFNM .BYTE $AA       ;XX0844
00140  1045  AA                 .BYTE $AA,$AA,$AA,$AA
00140  1046  AA 
00140  1047  AA 
00140  1048  AA 
00141  1049              ;********************************
00142  1049              ;
00143  1049              ;********************************
00144  1049  AA          XX0849 .BYTE $AA
00145  104A  AA                 .BYTE $AA,$AA,$AA,$AA,$AA
00145  104B  AA 
00145  104C  AA 
00145  104D  AA 
00145  104E  AA 
00146  104F  AA                 .BYTE $AA,$AA,$AA,$AA,$AA
00146  1050  AA 
00146  1051  AA 
00146  1052  AA 
00146  1053  AA 
00147  1054              ;********************************
00148  1054              ;
00149  1054              ;********************************
00150  1054  AA          XX0854 .BYTE $AA
00151  1055  AA          XX0855 .BYTE $AA
00152  1056  AA          XX0856 .BYTE $AA
00153  1057  AA          XX0857 .BYTE $AA
00154  1058              ;********************************
00155  1058              ;
00156  1058              ;********************************
00157  1058  AA          XX0858 .BYTE $AA
00158  1059  AA                 .BYTE $AA,$AA,$AA,$AA,$AA
00158  105A  AA 
00158  105B  AA 
00158  105C  AA 
00158  105D  AA 
00159  105E  AA                 .BYTE $AA,$AA,$AA,$AA,$AA
00159  105F  AA 
00159  1060  AA 
00159  1061  AA 
00159  1062  AA 
00160  1063  AA                 .BYTE $AA,$AA,$AA,$AA,$AA
00160  1064  AA 
00160  1065  AA 
00160  1066  AA 
00160  1067  AA 
00161  1068  AA                 .BYTE $AA,$AA,$AA,$AA,$AA
00161  1069  AA 
00161  106A  AA 
00161  106B  AA 
00161  106C  AA 
00162  106D  AA                 .BYTE $AA,$AA,$AA,$AA,$AA
00162  106E  AA 
00162  106F  AA 
00162  1070  AA 






CROSSREF64......PAGE 0006

LINE# LOC   CODE        LINE


00162  1071  AA 
00163  1072  AA                 .BYTE $AA,$AA,$AA,$AA,$AA
00163  1073  AA 
00163  1074  AA 
00163  1075  AA 
00163  1076  AA 
00164  1077  AA                 .BYTE $AA,$AA,$AA,$AA,$AA
00164  1078  AA 
00164  1079  AA 
00164  107A  AA 
00164  107B  AA 
00165  107C  AA                 .BYTE $AA,$AA,$AA,$AA,$AA
00165  107D  AA 
00165  107E  AA 
00165  107F  AA 
00165  1080  AA 
00166  1081  AA                 .BYTE $AA,$AA,$AA,$AA,$AA
00166  1082  AA 
00166  1083  AA 
00166  1084  AA 
00166  1085  AA 
00167  1086  AA                 .BYTE $AA,$AA,$AA
00167  1087  AA 
00167  1088  AA 
00168  1089              ;********************************
00169  1089              ;
00170  1089              ;********************************
00171  1089  D8          XX0889 CLD 
00172  108A  A9 00              LDA #$00
00173  108C  8D 33 10           STA XX0833
00174  108F  8D 31 10           STA XX0831
00175  1092  8D 32 10           STA XX0832
00176  1095  EE 31 10           INC XX0831
00177  1098  8D 2D 10           STA DEVIN
00178  109B  85 18              STA $18
00179  109D  85 19              STA $19
00180  109F              ;********************************
00181  109F              ; OPEN I/O TO KEYBOARD
00182  109F              ;********************************
00183  109F  A9 05              LDA #$05
00184  10A1  A2 00              LDX #$00
00185  10A3  A0 FF              LDY #$FF
00186  10A5  20 BA FF           JSR SETLFS
00187  10A8  A9 00              LDA #$00
00188  10AA  20 BD FF           JSR SETNAM
00189  10AD  20 C0 FF           JSR OPEN
00190  10B0              ;********************************
00191  10B0              ; OPEN I/O TO SCREEN
00192  10B0              ;********************************
00193  10B0  A9 01              LDA #$01
00194  10B2  A2 03              LDX #$03
00195  10B4  A0 FF              LDY #$FF
00196  10B6  20 BA FF           JSR SETLFS
00197  10B9  A9 00              LDA #$00
00198  10BB  20 BD FF           JSR SETNAM






CROSSREF64......PAGE 0007

LINE# LOC   CODE        LINE


00199  10BE  20 C0 FF           JSR OPEN
00200  10C1              ;********************************
00201  10C1              ;
00202  10C1              ;********************************
00203  10C1  A9 93              LDA #$93        ;SCREEN CLEAR
00204  10C3  20 D2 FF           JSR CHROUT
00205  10C6              ;********************************
00206  10C6              ; SET INPUT CHANNEL TO KEYBOARD
00207  10C6              ;********************************
00208  10C6  A2 05              LDX #$05
00209  10C8  8E 2D 10           STX DEVIN
00210  10CB  20 C6 FF           JSR CHKIN
00211  10CE              ;********************************
00212  10CE              ; PROMPT FOR HARDCOPY
00213  10CE              ;********************************
00214  10CE  A9 15              LDA #>MESSG     ;$0D
00215  10D0  A0 11              LDY #<MESSG     ;$13
00216  10D2  20 7C 14           JSR XX0C7E
00217  10D5              ;********************************
00218  10D5              ; GET RESPONSE
00219  10D5              ;********************************
00220  10D5  20 CF FF           JSR CHRIN
00221  10D8  A2 00              LDX #$00
00222  10DA  8E 30 10           STX PRTFLG
00223  10DD  C9 4E              CMP #$4E        ;'N'
00224  10DF  F0 02              BEQ XX08E3
00225  10E1  A2 80              LDX #$80
00226  10E3              ;********************************
00227  10E3              ;
00228  10E3              ;********************************
00229  10E3  8E 30 10    XX08E3 STX PRTFLG
00230  10E6              ;********************************
00231  10E6              ; OPEN I/O TO PRINTER
00232  10E6              ;********************************
00233  10E6  A9 04              LDA #$04
00234  10E8  AA                 TAX 
00235  10E9  A0 FF              LDY #$FF
00236  10EB  20 BA FF           JSR SETLFS
00237  10EE  A9 00              LDA #$00
00238  10F0  20 BD FF           JSR SETNAM
00239  10F3  20 C0 FF           JSR OPEN
00240  10F6              ;********************************
00241  10F6              ;
00242  10F6              ;********************************
00243  10F6  20 7B 15           JSR SCROFF
00244  10F9  A9 0D              LDA #$0D
00245  10FB  20 D2 FF           JSR CHROUT
00246  10FE              ;********************************
00247  10FE              ; OPEN I/O TO DISK STATUS
00248  10FE              ;********************************
00249  10FE  A9 07              LDA #$07
00250  1100  A2 08              LDX #$08
00251  1102  A0 0F              LDY #$0F
00252  1104  20 BA FF           JSR SETLFS
00253  1107              ;********************************






CROSSREF64......PAGE 0008

LINE# LOC   CODE        LINE


00254  1107              ; FILENAME = 'I0' FOR INIT DRIVE
00255  1107              ;********************************
00256  1107  A9 49              LDA #$49        ;'I'
00257  1109  8D 57 10           STA XX0857
00258  110C  A9 30              LDA #$30        ;'0'
00259  110E  8D 58 10           STA XX0858
00260  1111              ;
00261  1111  A2 57              LDX #<XX0857    ;#$57      ;'W'
00262  1113  A0 10              LDY #>XX0857    ;#$08
00263  1115  A9 02              LDA #$02
00264  1117  20 BD FF           JSR SETNAM
00265  111A              ;
00266  111A  20 C0 FF           JSR OPEN
00267  111D              ;********************************
00268  111D              ;
00269  111D              ;********************************
00270  111D  A9 00              LDA #$00
00271  111F  A0 02              LDY #$02
00272  1121  8D 2E 10           STA XX082E
00273  1124  8C 2F 10           STY XX082F
00274  1127              ;********************************
00275  1127              ; LOAD FILENAME BUFFER FROM MASTER
00276  1127              ; 0:XRFF0000,S,W
00277  1127              ;********************************
00278  1127  A0 00              LDY #$00
00279  1129  B9 49 15    XX0929 LDA XRFF00,Y    ;XX0D4B
00280  112C  99 44 10           STA XRFFNM,Y    ;XX0844
00281  112F  C8                 INY 
00282  1130  C0 0E              CPY #$0E
00283  1132  D0 F5              BNE XX0929
00284  1134  20 E2 14           JSR XX0CE4
00285  1137              ;********************************
00286  1137              ; CLEAR I/O CHANNEL
00287  1137              ;********************************
00288  1137  20 CC FF           JSR CLRCHN
00289  113A              ;********************************
00290  113A              ; OPEN CROSS REFERNCE FILE
00291  113A              ;********************************
00292  113A  A9 08              LDA #$08
00293  113C  AA                 TAX 
00294  113D  A8                 TAY 
00295  113E  20 BA FF           JSR SETLFS
00296  1141  A2 3B              LDX #<XRLL00    ;$3D
00297  1143  A0 15              LDY #>XRLL00    ;$0D
00298  1145  A9 0E              LDA #$0E        ;14 CHARS
00299  1147  20 BD FF           JSR SETNAM
00300  114A  20 C0 FF           JSR OPEN
00301  114D              ;********************************
00302  114D              ;
00303  114D              ;********************************
00304  114D  20 25 14           JSR XX0C25
00305  1150  A5 18       XX0950 LDA $18
00306  1152  A4 19              LDY $19
00307  1154  85 16              STA $16
00308  1156  84 17              STY $17






CROSSREF64......PAGE 0009

LINE# LOC   CODE        LINE


00309  1158  18                 CLC 
00310  1159  A5 16              LDA $16
00311  115B  6D 2E 10           ADC XX082E
00312  115E  85 18              STA $18
00313  1160  A5 17              LDA $17
00314  1162  6D 2F 10           ADC XX082F
00315  1165  85 19              STA $19
00316  1167              ;
00317  1167  A9 A8              LDA #<XX0DAA    ;#$AA
00318  1169  A0 15              LDY #>XX0DAA    ;#$0D
00319  116B  85 04              STA XRLPNT
00320  116D  84 05              STY XRLPNT+1
00321  116F              ;
00322  116F  A9 A8              LDA #<XX15AA    ;#$AA
00323  1171  A0 1D              LDY #>XX15AA    ;#$15
00324  1173  85 06              STA XRFPNT
00325  1175  84 07              STY XRFPNT+1
00326  1177              ;
00327  1177  A5 04              LDA XRLPNT
00328  1179  A4 05              LDY XRLPNT+1
00329  117B  85 0C              STA $0C
00330  117D  84 0D              STY $0D
00331  117F  A0 00              LDY #$00
00332  1181  98          XX0981 TYA 
00333  1182  91 0C              STA ($0C),Y
00334  1184  E6 0C              INC $0C
00335  1186  D0 02              BNE XX098A
00336  1188  E6 0D              INC $0D
00337  118A  A5 0D       XX098A LDA $0D
00338  118C  C5 07              CMP XRFPNT+1
00339  118E  D0 F1              BNE XX0981
00340  1190  A5 0C              LDA $0C
00341  1192  C5 06              CMP XRFPNT
00342  1194  D0 EB              BNE XX0981
00343  1196  A0 0D              LDY #$0D
00344  1198  B9 44 10    XX0998 LDA XRFFNM,Y
00345  119B  99 34 10           STA XX0834,Y
00346  119E  88                 DEY 
00347  119F  10 F7              BPL XX0998
00348  11A1  A9 52              LDA #$52        ;'R'
00349  11A3  8D 41 10           STA XX0841
00350  11A6  A2 04              LDX #$04
00351  11A8  FE 49 10    XX09A8 INC XX0849,X
00352  11AB  BD 49 10           LDA XX0849,X
00353  11AE  C9 3A              CMP #$3A        ;':'
00354  11B0  D0 08              BNE XX09BA
00355  11B2  A9 30              LDA #$30        ;'0'
00356  11B4  9D 49 10           STA XX0849,X
00357  11B7  CA                 DEX 
00358  11B8  D0 EE              BNE XX09A8
00359  11BA              ;
00360  11BA  A9 09       XX09BA LDA #$09
00361  11BC  A2 08              LDX #$08
00362  11BE  A8                 TAY 
00363  11BF  20 BA FF           JSR SETLFS






CROSSREF64......PAGE 0010

LINE# LOC   CODE        LINE


00364  11C2  A2 34              LDX #<XX0834    ;#$34      ;'4'
00365  11C4  A0 10              LDY #>XX0834    ;#$08
00366  11C6  A9 0E              LDA #$0E
00367  11C8  20 BD FF           JSR SETNAM
00368  11CB  20 C0 FF           JSR OPEN
00369  11CE  20 25 14           JSR XX0C25
00370  11D1              ;
00371  11D1  A9 0A              LDA #$0A
00372  11D3  A2 08              LDX #$08
00373  11D5  A8                 TAY 
00374  11D6  20 BA FF           JSR SETLFS
00375  11D9  A2 44              LDX #<XRFFNM    ;#$44      ;'D'
00376  11DB  A0 10              LDY #>XRFFNM    ;#$08
00377  11DD  A9 0E              LDA #$0E
00378  11DF  20 BD FF           JSR SETNAM
00379  11E2  20 C0 FF           JSR OPEN
00380  11E5  20 25 14           JSR XX0C25
00381  11E8              ;
00382  11E8  A9 00              LDA #$00
00383  11EA  85 15              STA $15
00384  11EC  A2 09       XX09EC LDX #$09
00385  11EE  EC 2D 10           CPX DEVIN
00386  11F1  F0 0B              BEQ XX09FE
00387  11F3  8E 2D 10           STX DEVIN
00388  11F6  20 CC FF           JSR CLRCHN
00389  11F9              ;
00390  11F9  A2 09              LDX #$09
00391  11FB  20 C6 FF           JSR CHKIN
00392  11FE              ;
00393  11FE  20 CF FF    XX09FE JSR CHRIN
00394  1201  85 08              STA $08
00395  1203  20 CF FF           JSR CHRIN
00396  1206  85 09              STA $09
00397  1208  20 CF FF           JSR CHRIN
00398  120B  85 0A              STA $0A
00399  120D  20 CF FF           JSR CHRIN
00400  1210              ;
00401  1210  85 0B              STA $0B
00402  1212  A5 90              LDA $90
00403  1214  85 15              STA $15
00404  1216  38                 SEC 
00405  1217  A5 08              LDA $08
00406  1219  E5 16              SBC $16
00407  121B  A5 09              LDA $09
00408  121D  E5 17              SBC $17
00409  121F  90 0A              BCC XX0A2B
00410  1221  A5 08              LDA $08
00411  1223  E5 18              SBC $18
00412  1225  A5 09              LDA $09
00413  1227  E5 19              SBC $19
00414  1229  90 22              BCC XX0A4D
00415  122B              ;
00416  122B  20 CC FF    XX0A2B JSR CLRCHN
00417  122E  A2 0A              LDX #$0A
00418  1230  8E 2D 10           STX DEVIN






CROSSREF64......PAGE 0011

LINE# LOC   CODE        LINE


00419  1233  20 C9 FF           JSR CHKOUT
00420  1236              ;
00421  1236  A5 08              LDA $08
00422  1238  20 D2 FF           JSR CHROUT
00423  123B  A5 09              LDA $09
00424  123D  20 D2 FF           JSR CHROUT
00425  1240  A5 0A              LDA $0A
00426  1242  20 D2 FF           JSR CHROUT
00427  1245  A5 0B              LDA $0B
00428  1247  20 D2 FF           JSR CHROUT
00429  124A  4C BB 12           JMP XX0ABB
00430  124D              ;********************************
00431  124D              ;
00432  124D              ;********************************
00433  124D  38          XX0A4D SEC 
00434  124E  A5 08              LDA $08
00435  1250  E5 16              SBC $16
00436  1252  85 0C              STA $0C
00437  1254  A5 09              LDA $09
00438  1256  E5 17              SBC $17
00439  1258  06 0C              ASL $0C
00440  125A  2A                 ROL A
00441  125B  06 0C              ASL $0C
00442  125D  2A                 ROL A
00443  125E  85 0D              STA $0D
00444  1260  18                 CLC 
00445  1261  A5 0C              LDA $0C
00446  1263  65 04              ADC XRLPNT
00447  1265  85 0C              STA $0C
00448  1267  A5 0D              LDA $0D
00449  1269  65 05              ADC XRLPNT+1
00450  126B  85 0D              STA $0D
00451  126D  A0 01              LDY #$01
00452  126F  B1 0C              LDA ($0C),Y
00453  1271  D0 16              BNE XX0A89
00454  1273  88                 DEY 
00455  1274  A5 06              LDA XRFPNT
00456  1276  91 0C              STA ($0C),Y
00457  1278  C8                 INY 
00458  1279  A5 07              LDA XRFPNT+1
00459  127B  91 0C              STA ($0C),Y
00460  127D  C8                 INY 
00461  127E  A5 06              LDA XRFPNT
00462  1280  91 0C              STA ($0C),Y
00463  1282  C8                 INY 
00464  1283  A5 07              LDA XRFPNT+1
00465  1285  91 0C              STA ($0C),Y
00466  1287  D0 17              BNE XX0AA0
00467  1289  88          XX0A89 DEY 
00468  128A  B1 0C              LDA ($0C),Y
00469  128C  85 0E              STA $0E
00470  128E  C8                 INY 
00471  128F  B1 0C              LDA ($0C),Y
00472  1291  85 0F              STA $0F
00473  1293  A5 07              LDA XRFPNT+1






CROSSREF64......PAGE 0012

LINE# LOC   CODE        LINE


00474  1295  91 0C              STA ($0C),Y
00475  1297  91 0E              STA ($0E),Y
00476  1299  88                 DEY 
00477  129A  A5 06              LDA XRFPNT
00478  129C  91 0C              STA ($0C),Y
00479  129E  91 0E              STA ($0E),Y
00480  12A0  A0 01       XX0AA0 LDY #$01
00481  12A2  A9 00              LDA #$00
00482  12A4  91 06              STA (XRFPNT),Y
00483  12A6  C8                 INY 
00484  12A7  A5 0A              LDA $0A
00485  12A9  91 06              STA (XRFPNT),Y
00486  12AB  C8                 INY 
00487  12AC  A5 0B              LDA $0B
00488  12AE  91 06              STA (XRFPNT),Y
00489  12B0  18                 CLC 
00490  12B1  A5 06              LDA XRFPNT
00491  12B3  69 04              ADC #$04
00492  12B5  85 06              STA XRFPNT
00493  12B7  90 02              BCC XX0ABB
00494  12B9  E6 07              INC XRFPNT+1
00495  12BB  A5 15       XX0ABB LDA $15
00496  12BD  D0 03              BNE XX0AC2
00497  12BF  4C EC 11           JMP XX09EC
00498  12C2              ;********************************
00499  12C2              ;
00500  12C2              ;********************************
00501  12C2  A9 09       XX0AC2 LDA #$09
00502  12C4  20 C3 FF           JSR CLOSE
00503  12C7  A9 0A              LDA #$0A
00504  12C9  20 C3 FF           JSR CLOSE
00505  12CC              ;********************************
00506  12CC              ;
00507  12CC              ;********************************
00508  12CC  A0 01       XX0ACC LDY #$01
00509  12CE  B1 04              LDA (XRLPNT),Y
00510  12D0  A0 03              LDY #$03
00511  12D2  D1 04              CMP (XRLPNT),Y
00512  12D4  D0 0E              BNE XX0AE4
00513  12D6  A0 00              LDY #$00
00514  12D8  B1 04              LDA (XRLPNT),Y
00515  12DA  A0 02              LDY #$02
00516  12DC  D1 04              CMP (XRLPNT),Y
00517  12DE  D0 04              BNE XX0AE4
00518  12E0  A9 2A              LDA #$2A        ;'*'
00519  12E2  D0 02              BNE XX0AE6
00520  12E4  A9 20       XX0AE4 LDA #$20        ;' '
00521  12E6  20 F8 13    XX0AE6 JSR PCHAR
00522  12E9  20 F6 13           JSR XX0BF6
00523  12EC  A0 06              LDY #$06
00524  12EE  20 8C 13    XX0AEE JSR XX0B8C
00525  12F1  20 F8 13           JSR PCHAR
00526  12F4  88                 DEY 
00527  12F5  D0 F7              BNE XX0AEE
00528  12F7  20 F6 13           JSR XX0BF6






CROSSREF64......PAGE 0013

LINE# LOC   CODE        LINE


00529  12FA  A9 24              LDA #$24        ;'$'
00530  12FC  20 F8 13           JSR PCHAR
00531  12FF  20 8C 13           JSR XX0B8C
00532  1302  20 A7 14           JSR XX0CA9
00533  1305  20 8C 13           JSR XX0B8C
00534  1308  A6 90              LDX $90
00535  130A  86 14              STX $14
00536  130C  20 A7 14           JSR XX0CA9
00537  130F  A0 02              LDY #$02
00538  1311  B1 04              LDA (XRLPNT),Y
00539  1313  AA                 TAX 
00540  1314  C8                 INY 
00541  1315  B1 04              LDA (XRLPNT),Y
00542  1317  86 0C              STX $0C
00543  1319  85 0D              STA $0D
00544  131B  D0 2C              BNE XX0B49
00545  131D  20 F6 13    XX0B1D JSR XX0BF6
00546  1320  A0 02              LDY #$02
00547  1322  B1 0C              LDA ($0C),Y
00548  1324  AA                 TAX 
00549  1325  C8                 INY 
00550  1326  B1 0C              LDA ($0C),Y
00551  1328  20 A1 13           JSR XX0BA1
00552  132B  A0 01              LDY #$01
00553  132D  B1 0C              LDA ($0C),Y
00554  132F  AA                 TAX 
00555  1330  F0 1E              BEQ XX0B50
00556  1332  88                 DEY 
00557  1333  B1 0C              LDA ($0C),Y
00558  1335  85 0C              STA $0C
00559  1337  86 0D              STX $0D
00560  1339  CE 54 10           DEC XX0854
00561  133C  D0 DF              BNE XX0B1D
00562  133E  20 D2 14           JSR XX0CD4
00563  1341  A2 07              LDX #$07
00564  1343  20 F3 13    XX0B43 JSR XX0BF3
00565  1346  CA                 DEX 
00566  1347  D0 FA              BNE XX0B43
00567  1349  A0 0A       XX0B49 LDY #$0A
00568  134B  8C 54 10           STY XX0854
00569  134E  D0 CD              BNE XX0B1D
00570  1350  20 D2 14    XX0B50 JSR XX0CD4
00571  1353  A5 14              LDA $14
00572  1355  D0 1F              BNE XX0B76
00573  1357  18                 CLC 
00574  1358  A5 04              LDA XRLPNT
00575  135A  69 04              ADC #$04
00576  135C  85 04              STA XRLPNT
00577  135E  90 02              BCC XX0B62
00578  1360  E6 05              INC XRLPNT+1
00579  1362  38          XX0B62 SEC 
00580  1363  A5 04              LDA XRLPNT
00581  1365  E9 A8              SBC #<XX15AA    ;#$AA
00582  1367  A5 05              LDA XRLPNT+1
00583  1369  E9 1D              SBC #>XX15AA    ;#$15






CROSSREF64......PAGE 0014

LINE# LOC   CODE        LINE


00584  136B  B0 03              BCS XX0B70
00585  136D  4C CC 12           JMP XX0ACC
00586  1370              ;********************************
00587  1370              ;
00588  1370              ;********************************
00589  1370  20 CC FF    XX0B70 JSR CLRCHN
00590  1373  4C 50 11           JMP XX0950
00591  1376              ;********************************
00592  1376              ;
00593  1376              ;********************************
00594  1376  20 BF 14    XX0B76 JSR XX0CC1
00595  1379  20 BF 14           JSR XX0CC1
00596  137C  A9 04              LDA #$04
00597  137E  20 C3 FF           JSR CLOSE
00598  1381  A9 08              LDA #$08
00599  1383  20 C3 FF           JSR CLOSE
00600  1386  20 CC FF           JSR CLRCHN
00601  1389  4C 75 14           JMP XX0C75
00602  138C              ;********************************
00603  138C              ; SET INPUT TO CHANNEL 8 AND READ IN CHAR
00604  138C              ;********************************
00605  138C  A2 08       XX0B8C LDX #$08
00606  138E  EC 2D 10           CPX DEVIN
00607  1391  F0 0B              BEQ XX0B9E
00608  1393  8E 2D 10           STX DEVIN
00609  1396  20 CC FF           JSR CLRCHN
00610  1399  A2 08              LDX #$08
00611  139B  20 C6 FF           JSR CHKIN
00612  139E  4C CF FF    XX0B9E JMP CHRIN
00613  13A1              ;********************************
00614  13A1              ;
00615  13A1              ;********************************
00616  13A1  86 10       XX0BA1 STX $10
00617  13A3  85 11              STA $11
00618  13A5  A9 00              LDA #$00
00619  13A7  8D 55 10           STA XX0855
00620  13AA  A2 04              LDX #$04
00621  13AC  8E 56 10           STX XX0856
00622  13AF  AE 56 10    XX0BAF LDX XX0856
00623  13B2  A0 30              LDY #$30        ;'0'
00624  13B4  D0 04              BNE XX0BBA
00625  13B6  C8          XX0BB6 INY 
00626  13B7  8C 55 10           STY XX0855
00627  13BA  38          XX0BBA SEC 
00628  13BB  A5 10              LDA $10
00629  13BD  FD 71 15           SBC XX0D73,X
00630  13C0  85 10              STA $10
00631  13C2  A5 11              LDA $11
00632  13C4  FD 76 15           SBC XX0D78,X
00633  13C7  85 11              STA $11
00634  13C9  B0 EB              BCS XX0BB6
00635  13CB  A5 10              LDA $10
00636  13CD  7D 71 15           ADC XX0D73,X
00637  13D0  85 10              STA $10
00638  13D2  A5 11              LDA $11






CROSSREF64......PAGE 0015

LINE# LOC   CODE        LINE


00639  13D4  7D 76 15           ADC XX0D78,X
00640  13D7  85 11              STA $11
00641  13D9  98                 TYA 
00642  13DA  C9 30              CMP #$30        ;'0'
00643  13DC  D0 07              BNE XX0BE5
00644  13DE  AC 55 10           LDY XX0855
00645  13E1  D0 02              BNE XX0BE5
00646  13E3  A9 20              LDA #$20        ;' '
00647  13E5  20 F8 13    XX0BE5 JSR PCHAR
00648  13E8  CE 56 10           DEC XX0856
00649  13EB  10 C2              BPL XX0BAF
00650  13ED  60                 RTS 
00651  13EE              ;********************************
00652  13EE              ; OUTPUT CR
00653  13EE              ;********************************
00654  13EE  A9 0D       PRTCR  LDA #$0D
00655  13F0  4C F8 13           JMP PCHAR
00656  13F3              ;********************************
00657  13F3              ;
00658  13F3              ;********************************
00659  13F3  20 F6 13    XX0BF3 JSR XX0BF6
00660  13F6  A9 20       XX0BF6 LDA #$20        ;' '
00661  13F8              ;********************************
00662  13F8              ; OUTPUT CHAR TO SCREEN OR PRINTER
00663  13F8              ;********************************
00664  13F8  86 12       PCHAR  STX $12
00665  13FA  84 13              STY $13
00666  13FC  48                 PHA 
00667  13FD  2C 30 10           BIT PRTFLG
00668  1400  10 1A              BPL XX0C1C
00669  1402  AD 2D 10           LDA DEVIN
00670  1405  C9 04              CMP #$04
00671  1407  F0 0B              BEQ XX0C14
00672  1409  20 CC FF           JSR CLRCHN
00673  140C  A2 04              LDX #$04
00674  140E  8E 2D 10           STX DEVIN
00675  1411  20 C9 FF           JSR CHKOUT
00676  1414  68          XX0C14 PLA 
00677  1415  48                 PHA 
00678  1416  20 D2 FF           JSR CHROUT
00679  1419  4C 1F 14           JMP XX0C1F
00680  141C              ;********************************
00681  141C              ; PRINT CHAR TO SCREEN
00682  141C              ;********************************
00683  141C  20 D2 FF    XX0C1C JSR PRTCHR
00684  141F              ;********************************
00685  141F              ; RESTORE A,X AND Y
00686  141F              ;********************************
00687  141F  68          XX0C1F PLA 
00688  1420  A4 13              LDY $13
00689  1422  A6 12              LDX $12
00690  1424  60                 RTS 
00691  1425              ;********************************
00692  1425              ; DISK I/O ERROR
00693  1425              ;********************************






CROSSREF64......PAGE 0016

LINE# LOC   CODE        LINE


00694  1425  20 CC FF    XX0C25 JSR CLRCHN
00695  1428  A2 07              LDX #$07
00696  142A  8E 2D 10           STX DEVIN
00697  142D  20 C6 FF           JSR CHKIN
00698  1430  20 CF FF           JSR CHRIN
00699  1433  85 02              STA $02
00700  1435  20 CF FF           JSR CHRIN
00701  1438  85 03              STA $03
00702  143A  C9 30              CMP #$30        ;'0'
00703  143C  D0 0E              BNE XX0C4C
00704  143E  A5 02              LDA $02
00705  1440  C9 30              CMP #$30        ;'0'
00706  1442  D0 08              BNE XX0C4C
00707  1444  20 CF FF    XX0C44 JSR CHRIN
00708  1447  C9 0D              CMP #$0D
00709  1449  D0 F9              BNE XX0C44
00710  144B  60                 RTS 
00711  144C              ;********************************
00712  144C              ; PRINT DISK ERROR
00713  144C              ;********************************
00714  144C  A2 01       XX0C4C LDX #$01
00715  144E  B5 02       XX0C4E LDA $02,X
00716  1450  9D 57 10           STA XX0857,X
00717  1453  CA                 DEX 
00718  1454  10 F8              BPL XX0C4E
00719  1456  A0 02              LDY #$02
00720  1458  84 13       XX0C58 STY $13
00721  145A  20 CF FF           JSR CHRIN
00722  145D  C9 0D              CMP #$0D
00723  145F  F0 08              BEQ XX0C69
00724  1461  A4 13              LDY $13
00725  1463  99 57 10           STA XX0857,Y
00726  1466  C8                 INY 
00727  1467  D0 EF              BNE XX0C58
00728  1469  A9 8D       XX0C69 LDA #$8D
00729  146B  99 57 10           STA XX0857,Y
00730  146E  A9 10              LDA #>XX0857    ;#$08
00731  1470  A0 57              LDY #<XX0857    ;#$57      ;'W'
00732  1472  20 7C 14           JSR XX0C7E
00733  1475  20 89 15    XX0C75 JSR SCRON
00734  1478  20 9D 15           JSR RETZPG
00735  147B  60                 RTS             ;JMP BASSFT
00736  147C              ;********************************
00737  147C              ;
00738  147C              ;********************************
00739  147C  48          XX0C7E PHA 
00740  147D  A9 01              LDA #$01
00741  147F  CD 2D 10           CMP DEVIN
00742  1482  F0 0F              BEQ XX0C95
00743  1484  98                 TYA 
00744  1485  48                 PHA 
00745  1486  20 CC FF           JSR CLRCHN
00746  1489  A2 01              LDX #$01
00747  148B  8E 2D 10           STX DEVIN
00748  148E  20 C9 FF           JSR CHKOUT






CROSSREF64......PAGE 0017

LINE# LOC   CODE        LINE


00749  1491  68                 PLA 
00750  1492  A8                 TAY 
00751  1493              ;********************************
00752  1493              ; OUTPUT STRING
00753  1493              ; HIGH BYTE ADDRESS IN A
00754  1493              ; LOW BYTE ADDRESS IN Y
00755  1493              ;********************************
00756  1493  68          XX0C95 PLA 
00757  1494  85 11              STA $11
00758  1496  84 10              STY $10
00759  1498  A0 00              LDY #$00
00760  149A  B1 10       XX0C9C LDA ($10),Y
00761  149C  C8                 INY 
00762  149D  48                 PHA 
00763  149E  29 7F              AND #$7F
00764  14A0  20 D2 FF           JSR CHROUT
00765  14A3  68                 PLA 
00766  14A4  10 F4              BPL XX0C9C
00767  14A6  60                 RTS 
00768  14A7              ;********************************
00769  14A7              ;
00770  14A7              ;********************************
00771  14A7  48          XX0CA9 PHA 
00772  14A8  4A                 LSR A
00773  14A9  4A                 LSR A
00774  14AA  4A                 LSR A
00775  14AB  4A                 LSR A
00776  14AC  20 B2 14           JSR XX0CB4
00777  14AF  68                 PLA 
00778  14B0  29 0F              AND #$0F
00779  14B2  18          XX0CB4 CLC 
00780  14B3  69 30              ADC #$30        ;'0'
00781  14B5  C9 3A              CMP #$3A        ;':'
00782  14B7  30 03              BMI XX0CBE
00783  14B9  18                 CLC 
00784  14BA  69 07              ADC #$07
00785  14BC  4C F8 13    XX0CBE JMP PCHAR
00786  14BF              ;********************************
00787  14BF              ;
00788  14BF              ;********************************
00789  14BF  20 EE 13    XX0CC1 JSR PRTCR
00790  14C2  EE 33 10           INC XX0833
00791  14C5  AD 33 10           LDA XX0833
00792  14C8  C9 42              CMP #$42        ;'B'
00793  14CA  D0 F3              BNE XX0CC1
00794  14CC  A9 00              LDA #$00
00795  14CE  8D 33 10           STA XX0833
00796  14D1  60                 RTS 
00797  14D2              ;********************************
00798  14D2              ;
00799  14D2              ;********************************
00800  14D2  20 EE 13    XX0CD4 JSR PRTCR
00801  14D5  EE 33 10           INC XX0833
00802  14D8  AD 33 10           LDA XX0833
00803  14DB  C9 3C              CMP #$3C        ;'<'






CROSSREF64......PAGE 0018

LINE# LOC   CODE        LINE


00804  14DD  D0 31              BNE XX0D12
00805  14DF  20 BF 14           JSR XX0CC1
00806  14E2  20 D2 14    XX0CE4 JSR XX0CD4
00807  14E5  8A                 TXA 
00808  14E6  48                 PHA 
00809  14E7              ;********************************
00810  14E7              ; PRINT PAGE BANNER
00811  14E7              ;********************************
00812  14E7  A2 00              LDX #$00
00813  14E9  BD 57 15    XX0CEB LDA BANNER,X
00814  14EC  F0 06              BEQ XX0CF6      ; ZERO BYTE END OF STRING
00815  14EE  20 F8 13           JSR PCHAR
00816  14F1  E8                 INX             ; INC CHAR POINTER
00817  14F2  D0 F5              BNE XX0CEB
00818  14F4              ;
00819  14F4  AE 31 10    XX0CF6 LDX XX0831
00820  14F7  AD 32 10           LDA XX0832
00821  14FA  20 A1 13           JSR XX0BA1
00822  14FD  EE 31 10           INC XX0831
00823  1500  D0 03              BNE XX0D07
00824  1502  EE 32 10           INC XX0832
00825  1505  20 D2 14    XX0D07 JSR XX0CD4
00826  1508  20 D2 14           JSR XX0CD4
00827  150B  20 D2 14           JSR XX0CD4
00828  150E  68                 PLA 
00829  150F  AA                 TAX 
00830  1510  60          XX0D12 RTS 
00831  1511              ;********************************
00832  1511              ;
00833  1511              ;********************************
00834  1511              ;XX0D13
00835  1511  0D          MESSG  .BYTE $0D
00836  1512  43 52       XX0D14 .BYTE 'CROSS REFERENCE'
00837  1521  0D          XX0D23 .BYTE $0D
00838  1522  0D          XX0D24 .BYTE $0D
00839  1523  0D          XX0D25 .BYTE $0D
00840  1524  48 41       XX0D26 .BYTE 'HARD COPY (CR/Y OR N)?'
00841  153A              ;********************************
00842  153A              ;
00843  153A              ;********************************
00844  153A  A0          XX0D3C .BYTE $A0
00845  153B              ;********************************
00846  153B              ; CROSSREF FILE MASTER NAME
00847  153B              ;********************************
00848  153B  30 3A       XRLL00 .BYTE '0:XRLL0000,S,R' ;XX0D3D
00849  1549              ;********************************
00850  1549              ; CROSSREF FILE MASTER NAME
00851  1549              ;********************************
00852  1549  30 3A       XRFF00 .BYTE '0:XRFF0000,S,W' ;XX0D4B
00853  1557              ;********************************
00854  1557              ;
00855  1557              ;********************************
00856  1557  43 52       BANNER .BYTE 'CROSS REFERENCE......PAGE'
00857  1570  00                 .BYTE $00
00858  1571              ;********************************






CROSSREF64......PAGE 0019

LINE# LOC   CODE        LINE


00859  1571              ; LOW BYTE 10'S DIGIT
00860  1571              ; $0001 = 1
00861  1571              ; $000A = 10
00862  1571              ; $0064 = 100
00863  1571              ; $03E8 = 1000
00864  1571              ; $2710 = 10000
00865  1571              ;********************************
00866  1571  01          XX0D73 .BYTE $01       ;1
00867  1572  0A                 .BYTE $0A       ;10
00868  1573  64                 .BYTE $64       ;100
00869  1574  E8                 .BYTE $E8       ;1000
00870  1575  10                 .BYTE $10       ;10000
00871  1576              ;********************************
00872  1576              ; HIGH BYTE 10'S DIGIT
00873  1576              ;********************************
00874  1576  00          XX0D78 .BYTE $00       ;1
00875  1577  00                 .BYTE $00       ;10
00876  1578  00                 .BYTE $00       ;100
00877  1579  03                 .BYTE $03       ;1000
00878  157A  27                 .BYTE $27       ;10000
00879  157B              ;********************************
00880  157B              ; IF PRINTING, TURN SCREEN OFF
00881  157B              ;********************************
00882  157B  AD 30 10    SCROFF LDA PRTFLG
00883  157E  10 08              BPL XX0D8A
00884  1580  AD 11 D0           LDA SCREG
00885  1583  29 EF              AND #$EF
00886  1585  8D 11 D0           STA SCREG
00887  1588  60          XX0D8A RTS 
00888  1589              ;********************************
00889  1589              ; TURN SCREEN ON
00890  1589              ;********************************
00891  1589  AD 11 D0    SCRON  LDA SCREG
00892  158C  09 10              ORA #$10
00893  158E  8D 11 D0           STA SCREG
00894  1591  60                 RTS 
00895  1592              ;********************************
00896  1592              ; SAVE ZEROPAGE FROM $02-$1A
00897  1592              ;********************************
00898  1592  A2 18       SAVZPG LDX #$18
00899  1594  B5 02       XX0D96 LDA $02,X
00900  1596  9D 15 10           STA ZPGSTR,X
00901  1599  CA                 DEX 
00902  159A  10 F8              BPL XX0D96
00903  159C  60                 RTS 
00904  159D              ;********************************
00905  159D              ; RESTORE ZEROPAGE FROM $02-$1A
00906  159D              ;********************************
00907  159D  A2 18       RETZPG LDX #$18
00908  159F  BD 15 10    XX0DA1 LDA ZPGSTR,X
00909  15A2  95 02              STA $02,X
00910  15A4  CA                 DEX 
00911  15A5  10 F8              BPL XX0DA1
00912  15A7  60                 RTS 
00913  15A8              ;********************************






CROSSREF64......PAGE 0020

LINE# LOC   CODE        LINE


00914  15A8              ;
00915  15A8              ;********************************
00916  15A8              XX0DAA=*
00917  15A8              ;********************************
00918  15A8              ;
00919  15A8              ;********************************
00920  15A8              *=*+$0800
00921  1DA8              ;********************************
00922  1DA8              ;
00923  1DA8              ;********************************
00924  1DA8              XX15AA=*
00925  1DA8              ;********************************
00926  1DA8              .END


ERRORS = 00000


SYMBOL TABLE

SYMBOL VALUE
 ADRAY1   0003    ADRAY2   0005    BANNER   1557    BASIC    100D
 BASSFT   E386    BSTUB    0001    CHANNL   0013    CHARAC   0007
 CHKIN    FFC6    CHKOUT   FFC9    CHRIN    FFCF    CHROUT   FFD2
 CLOSE    FFC3    CLRCHN   FFCC    COUNT    000B    DEVIN    102D
 DIMFLG   000C    ENDCHR   0008    GARBFL   000F    INPFLG   0011
 INTFLG   000E    LASTPT   0017    LINNUM   0014    MESSG    1511
 OPEN     FFC0    PCHAR    13F8    PRTCHR   FFD2    PRTCR    13EE
 PRTFLG   1030    RETZPG   159D    SAVZPG   1592    SCREG    D011
 SCROFF   157B    SCRON    1589    SETLFS   FFBA    SETNAM   FFBD
 SUBFLG   0010    TANSGN   0012    TEMPPT   0016    TEMPST   0019
 TRMPOS   0009    VALTYP   000D    VERCK    000A    XRFF00   1549
 XRFFNM   1044    XRFPNT   0006    XRLL00   153B    XRLPNT   0004
 XX082E   102E    XX082F   102F    XX0831   1031    XX0832   1032
 XX0833   1033    XX0834   1034    XX0841   1041    XX0849   1049
 XX0854   1054    XX0855   1055    XX0856   1056    XX0857   1057
 XX0858   1058    XX0889   1089    XX08E3   10E3    XX0929   1129
 XX0950   1150    XX0981   1181    XX098A   118A    XX0998   1198
 XX09A8   11A8    XX09BA   11BA    XX09EC   11EC    XX09FE   11FE
 XX0A2B   122B    XX0A4D   124D    XX0A89   1289    XX0AA0   12A0
 XX0ABB   12BB    XX0AC2   12C2    XX0ACC   12CC    XX0AE4   12E4
 XX0AE6   12E6    XX0AEE   12EE    XX0B1D   131D    XX0B43   1343
 XX0B49   1349    XX0B50   1350    XX0B62   1362    XX0B70   1370
 XX0B76   1376    XX0B8C   138C    XX0B9E   139E    XX0BA1   13A1
 XX0BAF   13AF    XX0BB6   13B6    XX0BBA   13BA    XX0BE5   13E5
 XX0BF3   13F3    XX0BF6   13F6    XX0C14   1414    XX0C1C   141C
 XX0C1F   141F    XX0C25   1425    XX0C44   1444    XX0C4C   144C
 XX0C4E   144E    XX0C58   1458    XX0C69   1469    XX0C75   1475
 XX0C7E   147C    XX0C95   1493    XX0C9C   149A    XX0CA9   14A7
 XX0CB4   14B2    XX0CBE   14BC    XX0CC1   14BF    XX0CD4   14D2
 XX0CE4   14E2    XX0CEB   14E9    XX0CF6   14F4    XX0D07   1505
 XX0D12   1510    XX0D14   1512    XX0D23   1521    XX0D24   1522
 XX0D25   1523    XX0D26   1524    XX0D3C   153A    XX0D73   1571
 XX0D78   1576    XX0D8A   1588    XX0D96   1594    XX0DA1   159F








SYMBOL TABLE

SYMBOL VALUE
 XX0DAA   15A8    XX15AA   1DA8    XXREF    100F    ZPGSTR   1015


END OF ASSEMBLY
PCROSSREFNL.ASM......PAGE 0001

LINE# LOC   CODE        LINE































































CROSSREF64......PAGE 0002

LINE# LOC   CODE        LINE


00041  100F              .FIL   CROSSREF.ASM
ERRORS = 00000


SYMBOL TABLE

SYMBOL VALUE
 ADRAY1   0003    ADRAY2   0005    BANNER   1557    BASIC    100D
 BASSFT   E386    BSTUB    0001    CHANNL   0013    CHARAC   0007
 CHKIN    FFC6    CHKOUT   FFC9    CHRIN    FFCF    CHROUT   FFD2
 CLOSE    FFC3    CLRCHN   FFCC    COUNT    000B    DEVIN    102D
 DIMFLG   000C    ENDCHR   0008    GARBFL   000F    INPFLG   0011
 INTFLG   000E    LASTPT   0017    LINNUM   0014    MESSG    1511
 OPEN     FFC0    PCHAR    13F8    PRTCHR   FFD2    PRTCR    13EE
 PRTFLG   1030    RETZPG   159D    SAVZPG   1592    SCREG    D011
 SCROFF   157B    SCRON    1589    SETLFS   FFBA    SETNAM   FFBD
 SUBFLG   0010    TANSGN   0012    TEMPPT   0016    TEMPST   0019
 TRMPOS   0009    VALTYP   000D    VERCK    000A    XRFF00   1549
 XRFFNM   1044    XRFPNT   0006    XRLL00   153B    XRLPNT   0004
 XX082E   102E    XX082F   102F    XX0831   1031    XX0832   1032
 XX0833   1033    XX0834   1034    XX0841   1041    XX0849   1049
 XX0854   1054    XX0855   1055    XX0856   1056    XX0857   1057
 XX0858   1058    XX0889   1089    XX08E3   10E3    XX0929   1129
 XX0950   1150    XX0981   1181    XX098A   118A    XX0998   1198
 XX09A8   11A8    XX09BA   11BA    XX09EC   11EC    XX09FE   11FE
 XX0A2B   122B    XX0A4D   124D    XX0A89   1289    XX0AA0   12A0
 XX0ABB   12BB    XX0AC2   12C2    XX0ACC   12CC    XX0AE4   12E4
 XX0AE6   12E6    XX0AEE   12EE    XX0B1D   131D    XX0B43   1343
 XX0B49   1349    XX0B50   1350    XX0B62   1362    XX0B70   1370
 XX0B76   1376    XX0B8C   138C    XX0B9E   139E    XX0BA1   13A1
 XX0BAF   13AF    XX0BB6   13B6    XX0BBA   13BA    XX0BE5   13E5
 XX0BF3   13F3    XX0BF6   13F6    XX0C14   1414    XX0C1C   141C
 XX0C1F   141F    XX0C25   1425    XX0C44   1444    XX0C4C   144C
 XX0C4E   144E    XX0C58   1458    XX0C69   1469    XX0C75   1475
 XX0C7E   147C    XX0C95   1493    XX0C9C   149A    XX0CA9   14A7
 XX0CB4   14B2    XX0CBE   14BC    XX0CC1   14BF    XX0CD4   14D2
 XX0CE4   14E2    XX0CEB   14E9    XX0CF6   14F4    XX0D07   1505
 XX0D12   1510    XX0D14   1512    XX0D23   1521    XX0D24   1522
 XX0D25   1523    XX0D26   1524    XX0D3C   153A    XX0D73   1571
 XX0D78   1576    XX0D8A   1588    XX0D96   1594    XX0DA1   159F
 XX0DAA   15A8    XX15AA   1DA8    XXREF    100F    ZPGSTR   1015


END OF ASSEMBLY

CROSS REFERENCE......PAGE    1


* ADRAY1 $0003    55
* ADRAY2 $0005    56
  BANNER $1557   813   856
  BASIC  $100D    28    33
* BASSFT $E386    86
  BSTUB  $0001     9    26
* CHANNL $0013    69
* CHARAC $0007    57
  CHKIN  $FFC6    95   210   391   611   697
  CHKOUT $FFC9    96   419   675   748
  CHRIN  $FFCF    98   220   393   395   397   399   612   698   700   707

                 721
  CHROUT $FFD2    99   204   245   422   424   426   428   678   764
  CLOSE  $FFC3    94   502   504   597   599
  CLRCHN $FFCC    97   288   388   416   589   600   609   672   694   745

* COUNT  $000B    61
  DEVIN  $102D   117   177   209   385   387   418   606   608   669   674

                 696   741   747
* DIMFLG $000C    62
* ENDCHR $0008    58
* GARBFL $000F    65
* INPFLG $0011    67
* INTFLG $000E    64
* LASTPT $0017    72
* LINNUM $0014    70
  MESSG  $1511   214   215   835
  OPEN   $FFC0    93   189   199   239   266   300   368   379
  PCHAR  $13F8   521   525   530   647   655   664   785   815
  PRTCHR $FFD2    87   683
  PRTCR  $13EE   654   789   800
  PRTFLG $1030   120   222   229   667   882
  RETZPG $159D   734   907
  SAVZPG $1592   105   898
  SCREG  $D011    82   884   886   891   893
  SCROFF $157B   243   882
  SCRON  $1589   733   891
  SETLFS $FFBA    91   186   196   236   252   295   363   374
  SETNAM $FFBD    92   188   198   238   264   299   367   378
* SUBFLG $0010    66
* TANSGN $0012    68
* TEMPPT $0016    71
* TEMPST $0019    73
* TRMPOS $0009    59
* VALTYP $000D    63
* VERCK  $000A    60
  XRFF00 $1549   279   852
  XRFFNM $1044   139   280   344   375   376
  XRFPNT $0006    78   324   325   338   341   455   458   461   464   473

                 477   482   485   488   490   492   494
  XRLL00 $153B   296   297   848
  XRLPNT $0004    77   319   320   327   328   446   449   509   511   514

                 516   538   541   574   576   578   580   582
  XX082E $102E   118   272   311
  XX082F $102F   119   273   314
  XX0831 $1031   121   174   176   819   822
  XX0832 $1032   122   175   820   824







CROSS REFERENCE......PAGE    2


  XX0833 $1033   126   173   790   791   795   801   802
  XX0834 $1034   127   345   364   365
  XX0841 $1041   134   349
  XX0849 $1049   144   351   352   356
  XX0854 $1054   150   560   568
  XX0855 $1055   151   619   626   644
  XX0856 $1056   152   621   622   648
  XX0857 $1057   153   257   261   262   716   725   729   730   731
  XX0858 $1058   157   259
  XX0889 $1089   106   171
  XX08E3 $10E3   224   229
  XX0929 $1129   279   283
  XX0950 $1150   305   590
  XX0981 $1181   332   339   342
  XX098A $118A   335   337
  XX0998 $1198   344   347
  XX09A8 $11A8   351   358
  XX09BA $11BA   354   360
  XX09EC $11EC   384   497
  XX09FE $11FE   386   393
  XX0A2B $122B   409   416
  XX0A4D $124D   414   433
  XX0A89 $1289   453   467
  XX0AA0 $12A0   466   480
  XX0ABB $12BB   429   493   495
  XX0AC2 $12C2   496   501
  XX0ACC $12CC   508   585
  XX0AE4 $12E4   512   517   520
  XX0AE6 $12E6   519   521
  XX0AEE $12EE   524   527
  XX0B1D $131D   545   561   569
  XX0B43 $1343   564   566
  XX0B49 $1349   544   567
  XX0B50 $1350   555   570
  XX0B62 $1362   577   579
  XX0B70 $1370   584   589
  XX0B76 $1376   572   594
  XX0B8C $138C   524   531   533   605
  XX0B9E $139E   607   612
  XX0BA1 $13A1   551   616   821
  XX0BAF $13AF   622   649
  XX0BB6 $13B6   625   634
  XX0BBA $13BA   624   627
  XX0BE5 $13E5   643   645   647
  XX0BF3 $13F3   564   659
  XX0BF6 $13F6   522   528   545   659   660
  XX0C14 $1414   671   676
  XX0C1C $141C   668   683
  XX0C1F $141F   679   687
  XX0C25 $1425   304   369   380   694
  XX0C44 $1444   707   709
  XX0C4C $144C   703   706   714
  XX0C4E $144E   715   718
  XX0C58 $1458   720   727
  XX0C69 $1469   723   728
  XX0C75 $1475   601   733







CROSS REFERENCE......PAGE    3


  XX0C7E $147C   216   732   739
  XX0C95 $1493   742   756
  XX0C9C $149A   760   766
  XX0CA9 $14A7   532   536   771
  XX0CB4 $14B2   776   779
  XX0CBE $14BC   782   785
  XX0CC1 $14BF   594   595   789   793   805
  XX0CD4 $14D2   562   570   800   806   825   826   827
  XX0CE4 $14E2   284   806
  XX0CEB $14E9   813   817
  XX0CF6 $14F4   814   819
  XX0D07 $1505   823   825
  XX0D12 $1510   804   830
* XX0D14 $1512   836
* XX0D23 $1521   837
* XX0D24 $1522   838
* XX0D25 $1523   839
* XX0D26 $1524   840
* XX0D3C $153A   844
  XX0D73 $1571   629   636   866
  XX0D78 $1576   632   639   874
  XX0D8A $1588   883   887
  XX0D96 $1594   899   902
  XX0DA1 $159F   908   911
  XX0DAA $15A8   317   318   916
  XX15AA $1DA8   322   323   581   583   924
* XXREF  $100F   105
  ZPGSTR $1015   110   900   908




































































































